<?xml version="1.0" encoding="UTF-8"?>
<!-- Generated by org.testng.reporters.JUnitReportReporter -->
<testsuite skipped="0" hostname="DESKTOP-SE5JK6N" name="testcases.DeleteAProduct" tests="2" failures="0" timestamp="17 Jan 2022 08:10:59 GMT" time="2.482" errors="0">
  <testcase name="DeleteAProduct" time="1.862" classname="testcases.DeleteAProduct"/>
  <testcase name="readAProduct" time="0.620" classname="testcases.DeleteAProduct"/>
</testsuite> <!-- testcases.DeleteAProduct -->
