<?xml version="1.0" encoding="UTF-8"?>
<!-- Generated by org.testng.reporters.JUnitReportReporter -->
<testsuite skipped="0" hostname="DESKTOP-SE5JK6N" name="testcases.UpdateAProduct" tests="2" failures="0" timestamp="17 Jan 2022 07:48:54 GMT" time="2.490" errors="0">
  <testcase name="UpdateAProduct" time="1.864" classname="testcases.UpdateAProduct"/>
  <testcase name="readAProduct" time="0.626" classname="testcases.UpdateAProduct"/>
</testsuite> <!-- testcases.UpdateAProduct -->
