<?xml version="1.0" encoding="UTF-8"?>
<!-- Generated by org.testng.reporters.JUnitReportReporter -->
<testsuite skipped="0" hostname="DESKTOP-SE5JK6N" name="testcases.CreateAProduct" tests="2" failures="0" timestamp="03 Feb 2022 01:05:56 GMT" time="3.428" errors="0">
  <testcase name="CreateAProduct" time="2.500" classname="testcases.CreateAProduct"/>
  <testcase name="readAProduct" time="0.928" classname="testcases.CreateAProduct"/>
</testsuite> <!-- testcases.CreateAProduct -->
