<?xml version="1.0" encoding="UTF-8"?>
<!-- Generated by org.testng.reporters.JUnitReportReporter -->
<testsuite skipped="0" hostname="DESKTOP-SE5JK6N" name="testcases.ReadAProduct" tests="1" failures="0" timestamp="04 Feb 2022 02:19:05 GMT" time="3.090" errors="0">
  <testcase name="readAProduct" time="3.090" classname="testcases.ReadAProduct"/>
</testsuite> <!-- testcases.ReadAProduct -->
