<?xml version="1.0" encoding="UTF-8"?>
<!-- Generated by org.testng.reporters.JUnitReportReporter -->
<testsuite skipped="0" hostname="DESKTOP-SE5JK6N" name="testcases.ReadAllProducts" tests="1" failures="0" timestamp="17 Jan 2022 05:11:02 GMT" time="1.907" errors="0">
  <testcase name="readAllProducts" time="1.907" classname="testcases.ReadAllProducts"/>
</testsuite> <!-- testcases.ReadAllProducts -->
